{"level":"INFO","timestamp":"2026-01-10T08:15:23.456Z","message":"Application started successfully","service_name":"main","user_id":"system","context":{"port":8080,"environment":"production"},"event":{"action":"startup"}}
{"level":"INFO","timestamp":"2026-01-10T08:15:45.123Z","message":"User login succeeded","service_name":"auth","user_id":"user_001","context":{"ip":"192.168.1.10","user_agent":"Mozilla/5.0"},"event":{"action":"login"}}
{"level":"DEBUG","timestamp":"2026-01-10T08:16:12.789Z","message":"Cache hit for user profile","service_name":"cache","user_id":"user_001","context":{"cache_key":"profile:user_001","ttl":3600},"event":{"action":"cache_read"}}
{"level":"INFO","timestamp":"2026-01-10T08:17:33.234Z","message":"API request processed","service_name":"api","user_id":"user_001","context":{"endpoint":"/api/v1/posts","method":"GET","response_time_ms":45},"event":{"action":"api_request"}}
{"level":"WARN","timestamp":"2026-01-10T08:18:56.567Z","message":"Slow database query detected","service_name":"database","user_id":"user_002","context":{"query_time_ms":2340,"query":"SELECT * FROM posts WHERE..."},"event":{"action":"slow_query"}}
{"level":"INFO","timestamp":"2026-01-10T08:19:22.890Z","message":"User login succeeded","service_name":"auth","user_id":"user_002","context":{"ip":"10.0.0.45","user_agent":"Chrome/120.0"},"event":{"action":"login"}}
{"level":"ERROR","timestamp":"2026-01-10T08:20:15.123Z","message":"Database connection failed","service_name":"database","user_id":"system","context":{"error":"ECONNREFUSED","host":"db.internal","port":5432},"event":{"action":"connection_error"}}
{"level":"CRITICAL","timestamp":"2026-01-10T08:20:16.456Z","message":"Service unavailable - falling back to read-only mode","service_name":"main","user_id":"system","context":{"reason":"database_unreachable","mode":"read_only"},"event":{"action":"failover"}}
{"level":"INFO","timestamp":"2026-01-10T08:21:45.789Z","message":"Database connection restored","service_name":"database","user_id":"system","context":{"reconnect_attempt":3,"duration_ms":1234},"event":{"action":"connection_restored"}}
{"level":"INFO","timestamp":"2026-01-10T08:22:30.012Z","message":"Cache cleared successfully","service_name":"cache","user_id":"admin_001","context":{"keys_cleared":1247,"reason":"manual_flush"},"event":{"action":"cache_clear"}}
{"level":"DEBUG","timestamp":"2026-01-10T08:23:45.345Z","message":"WebSocket connection established","service_name":"websocket","user_id":"user_003","context":{"connection_id":"ws_78a9b","protocol":"wss"},"event":{"action":"ws_connect"}}
{"level":"WARN","timestamp":"2026-01-10T08:25:12.678Z","message":"Rate limit exceeded","service_name":"api","user_id":"user_004","context":{"endpoint":"/api/v1/search","limit":100,"window":"1m"},"event":{"action":"rate_limit"}}
{"level":"ERROR","timestamp":"2026-01-10T08:26:33.901Z","message":"Failed to send email notification","service_name":"notifications","user_id":"user_005","context":{"error":"SMTP timeout","recipient":"user@example.com","retry_count":3},"event":{"action":"email_failure"}}
{"level":"INFO","timestamp":"2026-01-10T08:27:45.234Z","message":"File uploaded successfully","service_name":"storage","user_id":"user_001","context":{"filename":"report.pdf","size_bytes":2456789,"storage_path":"s3://bucket/files/"},"event":{"action":"file_upload"}}
{"level":"DEBUG","timestamp":"2026-01-10T08:28:12.567Z","message":"Token refresh executed","service_name":"auth","user_id":"user_002","context":{"old_token_exp":"2026-01-10T09:00:00Z","new_token_exp":"2026-01-10T10:00:00Z"},"event":{"action":"token_refresh"}}
{"level":"WARN","timestamp":"2026-01-10T08:29:33.890Z","message":"Deprecated API endpoint accessed","service_name":"api","user_id":"user_006","context":{"endpoint":"/api/v1/legacy/users","deprecation_date":"2026-02-01"},"event":{"action":"deprecated_access"}}
{"level":"INFO","timestamp":"2026-01-10T08:30:45.123Z","message":"Background job completed","service_name":"worker","user_id":"system","context":{"job_id":"job_12345","duration_ms":45678,"status":"success"},"event":{"action":"job_complete"}}
{"level":"ERROR","timestamp":"2026-01-10T08:32:15.456Z","message":"Payment processing failed","service_name":"payments","user_id":"user_007","context":{"error":"card_declined","amount":99.99,"currency":"USD","transaction_id":"txn_abc123"},"event":{"action":"payment_error"}}
{"level":"INFO","timestamp":"2026-01-10T08:33:22.789Z","message":"User logout","service_name":"auth","user_id":"user_001","context":{"session_duration_seconds":1057,"ip":"192.168.1.10"},"event":{"action":"logout"}}
{"level":"DEBUG","timestamp":"2026-01-10T08:34:45.012Z","message":"Memory usage within normal range","service_name":"monitoring","user_id":"system","context":{"heap_used_mb":234,"heap_total_mb":512,"cpu_percent":12.5},"event":{"action":"health_check"}}
{"level":"WARN","timestamp":"2026-01-10T08:36:12.345Z","message":"Disk space running low","service_name":"storage","user_id":"system","context":{"available_gb":5.2,"total_gb":100,"threshold_percent":10},"event":{"action":"disk_warning"}}
{"level":"INFO","timestamp":"2026-01-10T08:37:33.678Z","message":"Search query executed","service_name":"search","user_id":"user_008","context":{"query":"machine learning tutorials","results_count":847,"response_time_ms":123},"event":{"action":"search"}}
{"level":"ERROR","timestamp":"2026-01-10T08:38:45.901Z","message":"External API call failed","service_name":"integrations","user_id":"user_009","context":{"api":"weather_service","error":"timeout","timeout_ms":5000,"retry":true},"event":{"action":"api_error"}}
{"level":"INFO","timestamp":"2026-01-10T08:40:12.234Z","message":"Scheduled backup completed","service_name":"backup","user_id":"system","context":{"backup_size_gb":15.7,"duration_minutes":8,"destination":"s3://backups/"},"event":{"action":"backup_complete"}}
{"level":"CRITICAL","timestamp":"2026-01-10T08:42:33.567Z","message":"Security alert: Multiple failed login attempts detected","service_name":"security","user_id":"user_010","context":{"failed_attempts":5,"source_ip":"203.0.113.45","time_window_minutes":2},"event":{"action":"security_alert"}}
